<?xml version="1.0" encoding="UTF-8"?>
<!-- Generated by org.testng.reporters.JUnitXMLReporter -->
<testsuite ignored="0" hostname="DESKTOP-H2C9QEN" failures="0" tests="4" name="Test" time="92.049" errors="0" timestamp="2024-05-04T00:22:14 IST">
  <testcase classname="PageObjects.OrangeHRM" name="doLoginWithInvalidCredential" time="2.923"/>
  <testcase classname="PageObjects.OrangeHRM" name="loginTestWithValidCredential" time="4.508"/>
  <testcase classname="PageObjects.OrangeHRM" name="ListEmployees" time="38.772"/>
  <testcase classname="PageObjects.OrangeHRM" name="applyLeave" time="22.469"/>
</testsuite> <!-- Test -->
