<?xml version="1.0" encoding="UTF-8"?>
<!-- Generated by org.testng.reporters.JUnitXMLReporter -->
<testsuite ignored="2" hostname="DESKTOP-H2C9QEN" failures="0" tests="7" name="Test2" time="121.455" errors="0" timestamp="2024-05-04T12:58:14 IST">
  <testcase classname="PageObjects.EmployeePage" name="addEmployee" time="27.485"/>
  <testcase classname="PageObjects.EmployeePage" name="searchEmployeeNyName" time="8.509"/>
  <testcase classname="PageObjects.EmployeePage" name="deleteEmployee" time="18.686"/>
  <testcase classname="PageObjects.OrangeHRM" name="doLoginWithInvalidCredential" time="2.611"/>
  <testcase classname="PageObjects.OrangeHRM" name="loginTestWithValidCredential" time="3.447"/>
  <testcase classname="PageObjects.OrangeHRM" name="ListEmployees" time="33.14"/>
  <testcase classname="PageObjects.OrangeHRM" name="applyLeave" time="17.976"/>
  <testcase classname="core.Page" name="@AfterTest afterTest" time="0.0">
    <ignored/>
  </testcase> <!-- @AfterTest afterTest -->
  <testcase classname="core.Page" name="@BeforeTest openBrowser" time="0.0">
    <ignored/>
  </testcase> <!-- @BeforeTest openBrowser -->
</testsuite> <!-- Test2 -->
