<?xml version="1.0" encoding="UTF-8"?>
<testng-results ignored="2" total="9" passed="7" failed="0" skipped="0">
  <reporter-output>
  </reporter-output>
  <suite started-at="2024-05-04T12:56:13 IST" name="Suite" finished-at="2024-05-04T12:58:14 IST" duration-ms="121455">
    <groups>
    </groups>
    <test started-at="2024-05-04T12:56:13 IST" name="Test2" finished-at="2024-05-04T12:58:14 IST" duration-ms="121455">
      <class name="PageObjects.EmployeePage">
        <test-method is-config="true" signature="openBrowser(java.lang.String,java.lang.String,java.lang.String,java.lang.String)[pri:0, instance:PageObjects.EmployeePage@223d2c72]" started-at="2024-05-04T12:56:13 IST" name="openBrowser" finished-at="2024-05-04T12:56:21 IST" duration-ms="8571" status="PASS">
          <params>
            <param index="0">
              <value>
                <![CDATA[chrome]]>
              </value>
            </param>
            <param index="1">
              <value>
                <![CDATA[https://opensource-demo.orangehrmlive.com/web/index.php/auth/login]]>
              </value>
            </param>
            <param index="2">
              <value>
                <![CDATA[OrangeHRMX]]>
              </value>
            </param>
            <param index="3">
              <value>
                <![CDATA[true]]>
              </value>
            </param>
          </params>
          <reporter-output>
          </reporter-output>
        </test-method> <!-- openBrowser -->
        <test-method signature="addEmployee()[pri:1, instance:PageObjects.EmployeePage@223d2c72]" started-at="2024-05-04T12:56:21 IST" name="addEmployee" finished-at="2024-05-04T12:56:49 IST" duration-ms="27485" status="PASS">
          <reporter-output>
          </reporter-output>
        </test-method> <!-- addEmployee -->
        <test-method signature="searchEmployeeNyName()[pri:2, instance:PageObjects.EmployeePage@223d2c72]" started-at="2024-05-04T12:56:49 IST" name="searchEmployeeNyName" finished-at="2024-05-04T12:56:57 IST" duration-ms="8509" status="PASS">
          <reporter-output>
          </reporter-output>
        </test-method> <!-- searchEmployeeNyName -->
        <test-method signature="deleteEmployee()[pri:3, instance:PageObjects.EmployeePage@223d2c72]" started-at="2024-05-04T12:56:57 IST" name="deleteEmployee" finished-at="2024-05-04T12:57:16 IST" duration-ms="18686" status="PASS">
          <reporter-output>
          </reporter-output>
        </test-method> <!-- deleteEmployee -->
        <test-method is-config="true" signature="afterTest()[pri:0, instance:PageObjects.EmployeePage@223d2c72]" started-at="2024-05-04T12:58:13 IST" name="afterTest" finished-at="2024-05-04T12:58:14 IST" duration-ms="898" status="PASS">
          <reporter-output>
          </reporter-output>
        </test-method> <!-- afterTest -->
      </class> <!-- PageObjects.EmployeePage -->
      <class name="PageObjects.OrangeHRM">
        <test-method signature="doLoginWithInvalidCredential()[pri:1, instance:PageObjects.OrangeHRM@7f3b84b8]" started-at="2024-05-04T12:57:16 IST" name="doLoginWithInvalidCredential" finished-at="2024-05-04T12:57:19 IST" duration-ms="2611" status="PASS">
          <reporter-output>
          </reporter-output>
        </test-method> <!-- doLoginWithInvalidCredential -->
        <test-method signature="loginTestWithValidCredential()[pri:3, instance:PageObjects.OrangeHRM@7f3b84b8]" started-at="2024-05-04T12:57:19 IST" name="loginTestWithValidCredential" finished-at="2024-05-04T12:57:22 IST" duration-ms="3447" status="PASS">
          <reporter-output>
          </reporter-output>
        </test-method> <!-- loginTestWithValidCredential -->
        <test-method signature="ListEmployees()[pri:4, instance:PageObjects.OrangeHRM@7f3b84b8]" started-at="2024-05-04T12:57:22 IST" name="ListEmployees" finished-at="2024-05-04T12:57:55 IST" duration-ms="33140" status="PASS">
          <reporter-output>
          </reporter-output>
        </test-method> <!-- ListEmployees -->
        <test-method signature="applyLeave()[pri:5, instance:PageObjects.OrangeHRM@7f3b84b8]" started-at="2024-05-04T12:57:55 IST" name="applyLeave" finished-at="2024-05-04T12:58:13 IST" duration-ms="17976" status="PASS">
          <reporter-output>
          </reporter-output>
        </test-method> <!-- applyLeave -->
      </class> <!-- PageObjects.OrangeHRM -->
    </test> <!-- Test2 -->
  </suite> <!-- Suite -->
</testng-results>
